<?xml version="1.0" encoding="UTF-8"?>
<robot generator="Robot 4.1.2 (Python 3.10.1 on win32)" generated="20211216 10:32:19.291" rpa="false" schemaversion="2">
<suite id="s1" name="Specs" source="C:\projects\marvel_api\Aula_02\specs">
<suite id="s1-s1" name="CreateCharacters" source="C:\projects\marvel_api\Aula_02\specs\CreateCharacters.robot">
<kw name="Super Setup" library="Base" type="SETUP">
<arg>oseasbj@hotmail.com</arg>
<kw name="Set Client Keywords" library="Base">
<arg>${email}</arg>
<kw name="Create Dictionary" library="BuiltIn">
<var>&amp;{usuario}</var>
<arg>email=${email}</arg>
<doc>Creates and returns a dictionary based on the given ``items``.</doc>
<msg timestamp="20211216 10:32:19.385" level="INFO">&amp;{usuario} = { email=oseasbj@hotmail.com }</msg>
<status status="PASS" starttime="20211216 10:32:19.385" endtime="20211216 10:32:19.385"/>
</kw>
<kw name="POST" library="RequestsLibrary">
<var>${response}</var>
<arg>${BASE_URL}/accounts</arg>
<arg>json=${usuario}</arg>
<doc>Sends a POST request.</doc>
<msg timestamp="20211216 10:32:19.722" level="INFO">POST Request : url=http://marvel.qaninja.academy/accounts 
 path_url=/accounts 
 headers={'User-Agent': 'python-requests/2.26.0', 'Accept-Encoding': 'gzip, deflate', 'Accept': '*/*', 'Connection': 'keep-alive', 'Content-Length': '32', 'Content-Type': 'application/json'} 
 body=b'{"email": "oseasbj@hotmail.com"}' 
 </msg>
<msg timestamp="20211216 10:32:19.722" level="INFO">POST Response : url=http://marvel.qaninja.academy/accounts 
 status=200, reason=OK 
 headers={'Server': 'Cowboy', 'Connection': 'keep-alive', 'X-Powered-By': 'Express', 'Access-Control-Allow-Origin': '*', 'Content-Type': 'application/json; charset=utf-8', 'Content-Length': '41', 'Etag': 'W/"29-hqJGiME7zwwux8v2aLSAySMzfBE"', 'Date': 'Thu, 16 Dec 2021 13:32:19 GMT', 'Via': '1.1 vegur'} 
 body={"client_key":"61b88b0a022e96001659c352"} 
 </msg>
<msg timestamp="20211216 10:32:19.722" level="INFO">${response} = &lt;Response [200]&gt;</msg>
<status status="PASS" starttime="20211216 10:32:19.385" endtime="20211216 10:32:19.722"/>
</kw>
<kw name="Set Variable" library="BuiltIn">
<var>${client_key}</var>
<arg>${response.json()}[client_key]</arg>
<doc>Returns the given values which can then be assigned to a variables.</doc>
<msg timestamp="20211216 10:32:19.725" level="INFO">${client_key} = 61b88b0a022e96001659c352</msg>
<status status="PASS" starttime="20211216 10:32:19.722" endtime="20211216 10:32:19.725"/>
</kw>
<kw name="Create Dictionary" library="BuiltIn">
<var>&amp;{HEADERS}</var>
<arg>client_key=${client_key}</arg>
<doc>Creates and returns a dictionary based on the given ``items``.</doc>
<msg timestamp="20211216 10:32:19.726" level="INFO">&amp;{HEADERS} = { client_key=61b88b0a022e96001659c352 }</msg>
<status status="PASS" starttime="20211216 10:32:19.725" endtime="20211216 10:32:19.726"/>
</kw>
<kw name="Set Suite Variable" library="BuiltIn">
<arg>${HEADERS}</arg>
<doc>Makes a variable available everywhere within the scope of the current suite.</doc>
<msg timestamp="20211216 10:32:19.726" level="INFO">${HEADERS} = {'client_key': '61b88b0a022e96001659c352'}</msg>
<status status="PASS" starttime="20211216 10:32:19.726" endtime="20211216 10:32:19.726"/>
</kw>
<status status="PASS" starttime="20211216 10:32:19.384" endtime="20211216 10:32:19.726"/>
</kw>
<kw name="Reset Database" library="Base">
<kw name="DELETE" library="RequestsLibrary">
<arg>${BASE_URL}/delorean</arg>
<arg>headers=${HEADERS}</arg>
<doc>Sends a DELETE request.</doc>
<msg timestamp="20211216 10:32:20.070" level="INFO">DELETE Request : url=http://marvel.qaninja.academy/delorean 
 path_url=/delorean 
 headers={'User-Agent': 'python-requests/2.26.0', 'Accept-Encoding': 'gzip, deflate', 'Accept': '*/*', 'Connection': 'keep-alive', 'client_key': '61b88b0a022e96001659c352', 'Content-Length': '0'} 
 body=None 
 </msg>
<msg timestamp="20211216 10:32:20.070" level="INFO">DELETE Response : url=http://marvel.qaninja.academy/delorean 
 status=200, reason=OK 
 headers={'Server': 'Cowboy', 'Connection': 'keep-alive', 'X-Powered-By': 'Express', 'Access-Control-Allow-Origin': '*', 'Content-Type': 'application/json; charset=utf-8', 'Content-Length': '31', 'Etag': 'W/"1f-ImqlboUfbv1n1FbEV48J/4RvhGg"', 'Date': 'Thu, 16 Dec 2021 13:32:19 GMT', 'Via': '1.1 vegur'} 
 body={"message":"Avengers Assemble"} 
 </msg>
<status status="PASS" starttime="20211216 10:32:19.726" endtime="20211216 10:32:20.070"/>
</kw>
<status status="PASS" starttime="20211216 10:32:19.726" endtime="20211216 10:32:20.070"/>
</kw>
<status status="PASS" starttime="20211216 10:32:19.384" endtime="20211216 10:32:20.070"/>
</kw>
<test id="s1-s1-t1" name="Deve cadastrar um personagem">
<kw name="Factory Star Lord" library="Guardians">
<var>${personagem}</var>
<msg timestamp="20211216 10:32:20.072" level="INFO">${personagem} = {'name': 'Peter Quill', 'aliases': 'Star Lord', 'age': 30, 'team': 'Guardians of the Galaxy', 'active': True}</msg>
<status status="PASS" starttime="20211216 10:32:20.072" endtime="20211216 10:32:20.072"/>
</kw>
<kw name="POST New Character" library="characters">
<var>${response}</var>
<arg>${personagem}</arg>
<kw name="POST" library="RequestsLibrary">
<var>${response}</var>
<arg>${BASE_URL}/characters</arg>
<arg>json=${payload}</arg>
<arg>headers=${HEADERS}</arg>
<arg>expected_status=any</arg>
<doc>Sends a POST request.</doc>
<msg timestamp="20211216 10:32:20.384" level="INFO">POST Request : url=http://marvel.qaninja.academy/characters 
 path_url=/characters 
 headers={'User-Agent': 'python-requests/2.26.0', 'Accept-Encoding': 'gzip, deflate', 'Accept': '*/*', 'Connection': 'keep-alive', 'client_key': '61b88b0a022e96001659c352', 'Content-Length': '109', 'Content-Type': 'application/json'} 
 body=b'{"name": "Peter Quill", "aliases": "Star Lord", "age": 30, "team": "Guardians of the Galaxy", "active": true}' 
 </msg>
<msg timestamp="20211216 10:32:20.385" level="INFO">POST Response : url=http://marvel.qaninja.academy/characters 
 status=200, reason=OK 
 headers={'Server': 'Cowboy', 'Connection': 'keep-alive', 'X-Powered-By': 'Express', 'Access-Control-Allow-Origin': '*', 'Content-Type': 'application/json; charset=utf-8', 'Content-Length': '168', 'Etag': 'W/"a8-0RYoCte76nbPEDksn09UVVozlDk"', 'Date': 'Thu, 16 Dec 2021 13:32:19 GMT', 'Via': '1.1 vegur'} 
 body={"_id":"61bb3fe325804a00165685ac","name":"Peter Quill","age":30,"aliases":"Star Lord","team":"Guardians of the Galaxy","active":true,"owner":"61b88b0a022e96001659c352"} 
 </msg>
<msg timestamp="20211216 10:32:20.385" level="INFO">${response} = &lt;Response [200]&gt;</msg>
<status status="PASS" starttime="20211216 10:32:20.074" endtime="20211216 10:32:20.385"/>
</kw>
<msg timestamp="20211216 10:32:20.385" level="INFO">${response} = &lt;Response [200]&gt;</msg>
<status status="PASS" starttime="20211216 10:32:20.073" endtime="20211216 10:32:20.385"/>
</kw>
<kw name="Status Should Be" library="RequestsLibrary">
<arg>200</arg>
<arg>${response}</arg>
<doc>Fails if response status code is different than the expected.</doc>
<status status="PASS" starttime="20211216 10:32:20.387" endtime="20211216 10:32:20.388"/>
</kw>
<status status="PASS" starttime="20211216 10:32:20.071" endtime="20211216 10:32:20.388"/>
</test>
<test id="s1-s1-t2" name="Não deve casdatrar com o mesmo nome">
<kw name="Factory Groot" library="Guardians">
<var>${personagem}</var>
<msg timestamp="20211216 10:32:20.393" level="INFO">${personagem} = {'name': 'Groot', 'aliases': 'Groot', 'age': 300, 'team': 'Guardians of the Galaxy', 'active': True}</msg>
<status status="PASS" starttime="20211216 10:32:20.393" endtime="20211216 10:32:20.393"/>
</kw>
<kw name="POST New Character" library="characters">
<arg>${personagem}</arg>
<kw name="POST" library="RequestsLibrary">
<var>${response}</var>
<arg>${BASE_URL}/characters</arg>
<arg>json=${payload}</arg>
<arg>headers=${HEADERS}</arg>
<arg>expected_status=any</arg>
<doc>Sends a POST request.</doc>
<msg timestamp="20211216 10:32:20.717" level="INFO">POST Request : url=http://marvel.qaninja.academy/characters 
 path_url=/characters 
 headers={'User-Agent': 'python-requests/2.26.0', 'Accept-Encoding': 'gzip, deflate', 'Accept': '*/*', 'Connection': 'keep-alive', 'client_key': '61b88b0a022e96001659c352', 'Content-Length': '100', 'Content-Type': 'application/json'} 
 body=b'{"name": "Groot", "aliases": "Groot", "age": 300, "team": "Guardians of the Galaxy", "active": true}' 
 </msg>
<msg timestamp="20211216 10:32:20.717" level="INFO">POST Response : url=http://marvel.qaninja.academy/characters 
 status=200, reason=OK 
 headers={'Server': 'Cowboy', 'Connection': 'keep-alive', 'X-Powered-By': 'Express', 'Access-Control-Allow-Origin': '*', 'Content-Type': 'application/json; charset=utf-8', 'Content-Length': '159', 'Etag': 'W/"9f-p9zLoaLB8ZhyzAkAif9oLkfetc8"', 'Date': 'Thu, 16 Dec 2021 13:32:20 GMT', 'Via': '1.1 vegur'} 
 body={"_id":"61bb3fe425804a00165685b0","name":"Groot","age":300,"aliases":"Groot","team":"Guardians of the Galaxy","active":true,"owner":"61b88b0a022e96001659c352"} 
 </msg>
<msg timestamp="20211216 10:32:20.717" level="INFO">${response} = &lt;Response [200]&gt;</msg>
<status status="PASS" starttime="20211216 10:32:20.394" endtime="20211216 10:32:20.717"/>
</kw>
<status status="PASS" starttime="20211216 10:32:20.394" endtime="20211216 10:32:20.718"/>
</kw>
<kw name="POST New Character" library="characters">
<var>${response}</var>
<arg>${personagem}</arg>
<kw name="POST" library="RequestsLibrary">
<var>${response}</var>
<arg>${BASE_URL}/characters</arg>
<arg>json=${payload}</arg>
<arg>headers=${HEADERS}</arg>
<arg>expected_status=any</arg>
<doc>Sends a POST request.</doc>
<msg timestamp="20211216 10:32:21.077" level="INFO">POST Request : url=http://marvel.qaninja.academy/characters 
 path_url=/characters 
 headers={'User-Agent': 'python-requests/2.26.0', 'Accept-Encoding': 'gzip, deflate', 'Accept': '*/*', 'Connection': 'keep-alive', 'client_key': '61b88b0a022e96001659c352', 'Content-Length': '100', 'Content-Type': 'application/json'} 
 body=b'{"name": "Groot", "aliases": "Groot", "age": 300, "team": "Guardians of the Galaxy", "active": true}' 
 </msg>
<msg timestamp="20211216 10:32:21.077" level="INFO">POST Response : url=http://marvel.qaninja.academy/characters 
 status=409, reason=Conflict 
 headers={'Server': 'Cowboy', 'Connection': 'keep-alive', 'X-Powered-By': 'Express', 'Access-Control-Allow-Origin': '*', 'Content-Type': 'application/json; charset=utf-8', 'Content-Length': '39', 'Etag': 'W/"27-u8CjYCAAYHK/l+EQR0JyKi0LQGU"', 'Date': 'Thu, 16 Dec 2021 13:32:20 GMT', 'Via': '1.1 vegur'} 
 body={"error":"Character already exists :("} 
 </msg>
<msg timestamp="20211216 10:32:21.077" level="INFO">${response} = &lt;Response [409]&gt;</msg>
<status status="PASS" starttime="20211216 10:32:20.721" endtime="20211216 10:32:21.077"/>
</kw>
<msg timestamp="20211216 10:32:21.078" level="INFO">${response} = &lt;Response [409]&gt;</msg>
<status status="PASS" starttime="20211216 10:32:20.720" endtime="20211216 10:32:21.078"/>
</kw>
<kw name="Status Should Be" library="RequestsLibrary">
<arg>409</arg>
<arg>${response}</arg>
<doc>Fails if response status code is different than the expected.</doc>
<status status="PASS" starttime="20211216 10:32:21.080" endtime="20211216 10:32:21.080"/>
</kw>
<kw name="Should Be Equal" library="BuiltIn">
<arg>${response.json()}[error]</arg>
<arg>Character already exists :(</arg>
<doc>Fails if the given objects are unequal.</doc>
<status status="PASS" starttime="20211216 10:32:21.081" endtime="20211216 10:32:21.083"/>
</kw>
<tag>dup</tag>
<status status="PASS" starttime="20211216 10:32:20.392" endtime="20211216 10:32:21.084"/>
</test>
<doc>Suite de Teste do cadastro de personagens na API da Marvel</doc>
<status status="PASS" starttime="20211216 10:32:19.307" endtime="20211216 10:32:21.087"/>
</suite>
<suite id="s1-s2" name="RemoveCharacters" source="C:\projects\marvel_api\Aula_02\specs\RemoveCharacters.robot">
<kw name="Super Setup" library="Base" type="SETUP">
<arg>oseasbrito95@hotmail.com</arg>
<kw name="Set Client Keywords" library="Base">
<arg>${email}</arg>
<kw name="Create Dictionary" library="BuiltIn">
<var>&amp;{usuario}</var>
<arg>email=${email}</arg>
<doc>Creates and returns a dictionary based on the given ``items``.</doc>
<msg timestamp="20211216 10:32:21.099" level="INFO">&amp;{usuario} = { email=oseasbrito95@hotmail.com }</msg>
<status status="PASS" starttime="20211216 10:32:21.099" endtime="20211216 10:32:21.099"/>
</kw>
<kw name="POST" library="RequestsLibrary">
<var>${response}</var>
<arg>${BASE_URL}/accounts</arg>
<arg>json=${usuario}</arg>
<doc>Sends a POST request.</doc>
<msg timestamp="20211216 10:32:21.408" level="INFO">POST Request : url=http://marvel.qaninja.academy/accounts 
 path_url=/accounts 
 headers={'User-Agent': 'python-requests/2.26.0', 'Accept-Encoding': 'gzip, deflate', 'Accept': '*/*', 'Connection': 'keep-alive', 'Content-Length': '37', 'Content-Type': 'application/json'} 
 body=b'{"email": "oseasbrito95@hotmail.com"}' 
 </msg>
<msg timestamp="20211216 10:32:21.409" level="INFO">POST Response : url=http://marvel.qaninja.academy/accounts 
 status=200, reason=OK 
 headers={'Server': 'Cowboy', 'Connection': 'keep-alive', 'X-Powered-By': 'Express', 'Access-Control-Allow-Origin': '*', 'Content-Type': 'application/json; charset=utf-8', 'Content-Length': '41', 'Etag': 'W/"29-Nn4yQmU2wKks2Xp3qoNegJBn16g"', 'Date': 'Thu, 16 Dec 2021 13:32:20 GMT', 'Via': '1.1 vegur'} 
 body={"client_key":"61bb38aa25804a00165684b7"} 
 </msg>
<msg timestamp="20211216 10:32:21.409" level="INFO">${response} = &lt;Response [200]&gt;</msg>
<status status="PASS" starttime="20211216 10:32:21.099" endtime="20211216 10:32:21.409"/>
</kw>
<kw name="Set Variable" library="BuiltIn">
<var>${client_key}</var>
<arg>${response.json()}[client_key]</arg>
<doc>Returns the given values which can then be assigned to a variables.</doc>
<msg timestamp="20211216 10:32:21.411" level="INFO">${client_key} = 61bb38aa25804a00165684b7</msg>
<status status="PASS" starttime="20211216 10:32:21.409" endtime="20211216 10:32:21.411"/>
</kw>
<kw name="Create Dictionary" library="BuiltIn">
<var>&amp;{HEADERS}</var>
<arg>client_key=${client_key}</arg>
<doc>Creates and returns a dictionary based on the given ``items``.</doc>
<msg timestamp="20211216 10:32:21.412" level="INFO">&amp;{HEADERS} = { client_key=61bb38aa25804a00165684b7 }</msg>
<status status="PASS" starttime="20211216 10:32:21.411" endtime="20211216 10:32:21.412"/>
</kw>
<kw name="Set Suite Variable" library="BuiltIn">
<arg>${HEADERS}</arg>
<doc>Makes a variable available everywhere within the scope of the current suite.</doc>
<msg timestamp="20211216 10:32:21.413" level="INFO">${HEADERS} = {'client_key': '61bb38aa25804a00165684b7'}</msg>
<status status="PASS" starttime="20211216 10:32:21.412" endtime="20211216 10:32:21.413"/>
</kw>
<status status="PASS" starttime="20211216 10:32:21.099" endtime="20211216 10:32:21.413"/>
</kw>
<kw name="Reset Database" library="Base">
<kw name="DELETE" library="RequestsLibrary">
<arg>${BASE_URL}/delorean</arg>
<arg>headers=${HEADERS}</arg>
<doc>Sends a DELETE request.</doc>
<msg timestamp="20211216 10:32:21.742" level="INFO">DELETE Request : url=http://marvel.qaninja.academy/delorean 
 path_url=/delorean 
 headers={'User-Agent': 'python-requests/2.26.0', 'Accept-Encoding': 'gzip, deflate', 'Accept': '*/*', 'Connection': 'keep-alive', 'client_key': '61bb38aa25804a00165684b7', 'Content-Length': '0'} 
 body=None 
 </msg>
<msg timestamp="20211216 10:32:21.742" level="INFO">DELETE Response : url=http://marvel.qaninja.academy/delorean 
 status=200, reason=OK 
 headers={'Server': 'Cowboy', 'Connection': 'keep-alive', 'X-Powered-By': 'Express', 'Access-Control-Allow-Origin': '*', 'Content-Type': 'application/json; charset=utf-8', 'Content-Length': '31', 'Etag': 'W/"1f-ImqlboUfbv1n1FbEV48J/4RvhGg"', 'Date': 'Thu, 16 Dec 2021 13:32:21 GMT', 'Via': '1.1 vegur'} 
 body={"message":"Avengers Assemble"} 
 </msg>
<status status="PASS" starttime="20211216 10:32:21.413" endtime="20211216 10:32:21.742"/>
</kw>
<status status="PASS" starttime="20211216 10:32:21.413" endtime="20211216 10:32:21.743"/>
</kw>
<status status="PASS" starttime="20211216 10:32:21.099" endtime="20211216 10:32:21.743"/>
</kw>
<test id="s1-s2-t1" name="Deve remover um personagem pelo Id">
<kw name="Factory Cyclope" library="Xmen">
<var>${personagem}</var>
<msg timestamp="20211216 10:32:21.745" level="INFO">${personagem} = {'name': 'Ciclope', 'aliases': 'Ciclope', 'age': 25, 'team': 'X Man', 'active': True}</msg>
<status status="PASS" starttime="20211216 10:32:21.744" endtime="20211216 10:32:21.745"/>
</kw>
<kw name="POST New Character" library="characters">
<var>${cyclope}</var>
<arg>${personagem}</arg>
<kw name="POST" library="RequestsLibrary">
<var>${response}</var>
<arg>${BASE_URL}/characters</arg>
<arg>json=${payload}</arg>
<arg>headers=${HEADERS}</arg>
<arg>expected_status=any</arg>
<doc>Sends a POST request.</doc>
<msg timestamp="20211216 10:32:22.069" level="INFO">POST Request : url=http://marvel.qaninja.academy/characters 
 path_url=/characters 
 headers={'User-Agent': 'python-requests/2.26.0', 'Accept-Encoding': 'gzip, deflate', 'Accept': '*/*', 'Connection': 'keep-alive', 'client_key': '61bb38aa25804a00165684b7', 'Content-Length': '85', 'Content-Type': 'application/json'} 
 body=b'{"name": "Ciclope", "aliases": "Ciclope", "age": 25, "team": "X Man", "active": true}' 
 </msg>
<msg timestamp="20211216 10:32:22.070" level="INFO">POST Response : url=http://marvel.qaninja.academy/characters 
 status=200, reason=OK 
 headers={'Server': 'Cowboy', 'Connection': 'keep-alive', 'X-Powered-By': 'Express', 'Access-Control-Allow-Origin': '*', 'Content-Type': 'application/json; charset=utf-8', 'Content-Length': '144', 'Etag': 'W/"90-yr3F0BWzZdDl316Ra30C/RqpdKo"', 'Date': 'Thu, 16 Dec 2021 13:32:21 GMT', 'Via': '1.1 vegur'} 
 body={"_id":"61bb3fe525804a00165685b9","name":"Ciclope","age":25,"aliases":"Ciclope","team":"X Man","active":true,"owner":"61bb38aa25804a00165684b7"} 
 </msg>
<msg timestamp="20211216 10:32:22.070" level="INFO">${response} = &lt;Response [200]&gt;</msg>
<status status="PASS" starttime="20211216 10:32:21.747" endtime="20211216 10:32:22.070"/>
</kw>
<msg timestamp="20211216 10:32:22.070" level="INFO">${cyclope} = &lt;Response [200]&gt;</msg>
<status status="PASS" starttime="20211216 10:32:21.746" endtime="20211216 10:32:22.070"/>
</kw>
<kw name="Set Variable" library="BuiltIn">
<var>${cyclope_id}</var>
<arg>${cyclope.json()}[_id]</arg>
<doc>Returns the given values which can then be assigned to a variables.</doc>
<msg timestamp="20211216 10:32:22.073" level="INFO">${cyclope_id} = 61bb3fe525804a00165685b9</msg>
<status status="PASS" starttime="20211216 10:32:22.072" endtime="20211216 10:32:22.073"/>
</kw>
<kw name="DELETE Character By Id" library="characters">
<var>${response}</var>
<arg>${cyclope_id}</arg>
<kw name="DELETE" library="RequestsLibrary">
<var>${response}</var>
<arg>${BASE_URL}/characters/${character_id}</arg>
<arg>headers=${HEADERS}</arg>
<arg>expected_status=any</arg>
<doc>Sends a DELETE request.</doc>
<msg timestamp="20211216 10:32:22.400" level="INFO">DELETE Request : url=http://marvel.qaninja.academy/characters/61bb3fe525804a00165685b9 
 path_url=/characters/61bb3fe525804a00165685b9 
 headers={'User-Agent': 'python-requests/2.26.0', 'Accept-Encoding': 'gzip, deflate', 'Accept': '*/*', 'Connection': 'keep-alive', 'client_key': '61bb38aa25804a00165684b7', 'Content-Length': '0'} 
 body=None 
 </msg>
<msg timestamp="20211216 10:32:22.401" level="INFO">DELETE Response : url=http://marvel.qaninja.academy/characters/61bb3fe525804a00165685b9 
 status=204, reason=No Content 
 headers={'Server': 'Cowboy', 'Content-Length': '0', 'Connection': 'keep-alive', 'X-Powered-By': 'Express', 'Access-Control-Allow-Origin': '*', 'Date': 'Thu, 16 Dec 2021 13:32:21 GMT', 'Via': '1.1 vegur'} 
 body=None 
 </msg>
<msg timestamp="20211216 10:32:22.401" level="INFO">${response} = &lt;Response [204]&gt;</msg>
<status status="PASS" starttime="20211216 10:32:22.075" endtime="20211216 10:32:22.401"/>
</kw>
<msg timestamp="20211216 10:32:22.401" level="INFO">${response} = &lt;Response [204]&gt;</msg>
<status status="PASS" starttime="20211216 10:32:22.074" endtime="20211216 10:32:22.401"/>
</kw>
<kw name="Status Should Be" library="RequestsLibrary">
<arg>204</arg>
<arg>${response}</arg>
<doc>Fails if response status code is different than the expected.</doc>
<status status="PASS" starttime="20211216 10:32:22.403" endtime="20211216 10:32:22.404"/>
</kw>
<kw name="GET Character By Id" library="characters">
<var>${response2}</var>
<arg>${cyclope_id}</arg>
<kw name="GET" library="RequestsLibrary">
<var>${response}</var>
<arg>${BASE_URL}/characters/${character_id}</arg>
<arg>headers=${HEADERS}</arg>
<arg>expected_status=any</arg>
<doc>Sends a GET request.</doc>
<msg timestamp="20211216 10:32:22.724" level="INFO">GET Request : url=http://marvel.qaninja.academy/characters/61bb3fe525804a00165685b9 
 path_url=/characters/61bb3fe525804a00165685b9 
 headers={'User-Agent': 'python-requests/2.26.0', 'Accept-Encoding': 'gzip, deflate', 'Accept': '*/*', 'Connection': 'keep-alive', 'client_key': '61bb38aa25804a00165684b7'} 
 body=None 
 </msg>
<msg timestamp="20211216 10:32:22.724" level="INFO">GET Response : url=http://marvel.qaninja.academy/characters/61bb3fe525804a00165685b9 
 status=404, reason=Not Found 
 headers={'Server': 'Cowboy', 'Connection': 'keep-alive', 'X-Powered-By': 'Express', 'Access-Control-Allow-Origin': '*', 'Date': 'Thu, 16 Dec 2021 13:32:22 GMT', 'Content-Length': '0', 'Via': '1.1 vegur'} 
 body=None 
 </msg>
<msg timestamp="20211216 10:32:22.724" level="INFO">${response} = &lt;Response [404]&gt;</msg>
<status status="PASS" starttime="20211216 10:32:22.405" endtime="20211216 10:32:22.724"/>
</kw>
<msg timestamp="20211216 10:32:22.725" level="INFO">${response2} = &lt;Response [404]&gt;</msg>
<status status="PASS" starttime="20211216 10:32:22.405" endtime="20211216 10:32:22.725"/>
</kw>
<kw name="Status Should Be" library="RequestsLibrary">
<arg>404</arg>
<arg>${response2}</arg>
<doc>Fails if response status code is different than the expected.</doc>
<status status="PASS" starttime="20211216 10:32:22.726" endtime="20211216 10:32:22.726"/>
</kw>
<status status="PASS" starttime="20211216 10:32:21.743" endtime="20211216 10:32:22.728"/>
</test>
<test id="s1-s2-t2" name="Não deve retornar o personagem pelo Id inexistente">
<kw name="Set Variable" library="BuiltIn">
<var>${personagem_id}</var>
<arg>61bb38df25804a00165684bb</arg>
<doc>Returns the given values which can then be assigned to a variables.</doc>
<msg timestamp="20211216 10:32:22.733" level="INFO">${personagem_id} = 61bb38df25804a00165684bb</msg>
<status status="PASS" starttime="20211216 10:32:22.732" endtime="20211216 10:32:22.733"/>
</kw>
<kw name="DELETE Character By Id" library="characters">
<var>${response}</var>
<arg>${personagem_id}</arg>
<kw name="DELETE" library="RequestsLibrary">
<var>${response}</var>
<arg>${BASE_URL}/characters/${character_id}</arg>
<arg>headers=${HEADERS}</arg>
<arg>expected_status=any</arg>
<doc>Sends a DELETE request.</doc>
<msg timestamp="20211216 10:32:23.044" level="INFO">DELETE Request : url=http://marvel.qaninja.academy/characters/61bb38df25804a00165684bb 
 path_url=/characters/61bb38df25804a00165684bb 
 headers={'User-Agent': 'python-requests/2.26.0', 'Accept-Encoding': 'gzip, deflate', 'Accept': '*/*', 'Connection': 'keep-alive', 'client_key': '61bb38aa25804a00165684b7', 'Content-Length': '0'} 
 body=None 
 </msg>
<msg timestamp="20211216 10:32:23.044" level="INFO">DELETE Response : url=http://marvel.qaninja.academy/characters/61bb38df25804a00165684bb 
 status=404, reason=Not Found 
 headers={'Server': 'Cowboy', 'Connection': 'keep-alive', 'X-Powered-By': 'Express', 'Access-Control-Allow-Origin': '*', 'Date': 'Thu, 16 Dec 2021 13:32:22 GMT', 'Content-Length': '0', 'Via': '1.1 vegur'} 
 body=None 
 </msg>
<msg timestamp="20211216 10:32:23.044" level="INFO">${response} = &lt;Response [404]&gt;</msg>
<status status="PASS" starttime="20211216 10:32:22.734" endtime="20211216 10:32:23.044"/>
</kw>
<msg timestamp="20211216 10:32:23.044" level="INFO">${response} = &lt;Response [404]&gt;</msg>
<status status="PASS" starttime="20211216 10:32:22.734" endtime="20211216 10:32:23.044"/>
</kw>
<kw name="Status Should Be" library="RequestsLibrary">
<arg>404</arg>
<arg>${response}</arg>
<doc>Fails if response status code is different than the expected.</doc>
<status status="PASS" starttime="20211216 10:32:23.045" endtime="20211216 10:32:23.045"/>
</kw>
<status status="PASS" starttime="20211216 10:32:22.731" endtime="20211216 10:32:23.046"/>
</test>
<doc>Suite de Exclusão de Personagens na API da Marvel</doc>
<status status="PASS" starttime="20211216 10:32:21.092" endtime="20211216 10:32:23.048"/>
</suite>
<suite id="s1-s3" name="SearchCharacters" source="C:\projects\marvel_api\Aula_02\specs\SearchCharacters.robot">
<kw name="Super Setup" library="Base" type="SETUP">
<arg>oseasbrito95@gmail.com</arg>
<kw name="Set Client Keywords" library="Base">
<arg>${email}</arg>
<kw name="Create Dictionary" library="BuiltIn">
<var>&amp;{usuario}</var>
<arg>email=${email}</arg>
<doc>Creates and returns a dictionary based on the given ``items``.</doc>
<msg timestamp="20211216 10:32:23.056" level="INFO">&amp;{usuario} = { email=oseasbrito95@gmail.com }</msg>
<status status="PASS" starttime="20211216 10:32:23.056" endtime="20211216 10:32:23.056"/>
</kw>
<kw name="POST" library="RequestsLibrary">
<var>${response}</var>
<arg>${BASE_URL}/accounts</arg>
<arg>json=${usuario}</arg>
<doc>Sends a POST request.</doc>
<msg timestamp="20211216 10:32:23.370" level="INFO">POST Request : url=http://marvel.qaninja.academy/accounts 
 path_url=/accounts 
 headers={'User-Agent': 'python-requests/2.26.0', 'Accept-Encoding': 'gzip, deflate', 'Accept': '*/*', 'Connection': 'keep-alive', 'Content-Length': '35', 'Content-Type': 'application/json'} 
 body=b'{"email": "oseasbrito95@gmail.com"}' 
 </msg>
<msg timestamp="20211216 10:32:23.370" level="INFO">POST Response : url=http://marvel.qaninja.academy/accounts 
 status=200, reason=OK 
 headers={'Server': 'Cowboy', 'Connection': 'keep-alive', 'X-Powered-By': 'Express', 'Access-Control-Allow-Origin': '*', 'Content-Type': 'application/json; charset=utf-8', 'Content-Length': '41', 'Etag': 'W/"29-8Vl8ts+Jwt7R6hu9yw73bx+Njoo"', 'Date': 'Thu, 16 Dec 2021 13:32:22 GMT', 'Via': '1.1 vegur'} 
 body={"client_key":"61b9c736a2222a00160d2847"} 
 </msg>
<msg timestamp="20211216 10:32:23.371" level="INFO">${response} = &lt;Response [200]&gt;</msg>
<status status="PASS" starttime="20211216 10:32:23.056" endtime="20211216 10:32:23.371"/>
</kw>
<kw name="Set Variable" library="BuiltIn">
<var>${client_key}</var>
<arg>${response.json()}[client_key]</arg>
<doc>Returns the given values which can then be assigned to a variables.</doc>
<msg timestamp="20211216 10:32:23.372" level="INFO">${client_key} = 61b9c736a2222a00160d2847</msg>
<status status="PASS" starttime="20211216 10:32:23.371" endtime="20211216 10:32:23.372"/>
</kw>
<kw name="Create Dictionary" library="BuiltIn">
<var>&amp;{HEADERS}</var>
<arg>client_key=${client_key}</arg>
<doc>Creates and returns a dictionary based on the given ``items``.</doc>
<msg timestamp="20211216 10:32:23.373" level="INFO">&amp;{HEADERS} = { client_key=61b9c736a2222a00160d2847 }</msg>
<status status="PASS" starttime="20211216 10:32:23.372" endtime="20211216 10:32:23.373"/>
</kw>
<kw name="Set Suite Variable" library="BuiltIn">
<arg>${HEADERS}</arg>
<doc>Makes a variable available everywhere within the scope of the current suite.</doc>
<msg timestamp="20211216 10:32:23.374" level="INFO">${HEADERS} = {'client_key': '61b9c736a2222a00160d2847'}</msg>
<status status="PASS" starttime="20211216 10:32:23.373" endtime="20211216 10:32:23.374"/>
</kw>
<status status="PASS" starttime="20211216 10:32:23.056" endtime="20211216 10:32:23.374"/>
</kw>
<kw name="Reset Database" library="Base">
<kw name="DELETE" library="RequestsLibrary">
<arg>${BASE_URL}/delorean</arg>
<arg>headers=${HEADERS}</arg>
<doc>Sends a DELETE request.</doc>
<msg timestamp="20211216 10:32:23.683" level="INFO">DELETE Request : url=http://marvel.qaninja.academy/delorean 
 path_url=/delorean 
 headers={'User-Agent': 'python-requests/2.26.0', 'Accept-Encoding': 'gzip, deflate', 'Accept': '*/*', 'Connection': 'keep-alive', 'client_key': '61b9c736a2222a00160d2847', 'Content-Length': '0'} 
 body=None 
 </msg>
<msg timestamp="20211216 10:32:23.684" level="INFO">DELETE Response : url=http://marvel.qaninja.academy/delorean 
 status=200, reason=OK 
 headers={'Server': 'Cowboy', 'Connection': 'keep-alive', 'X-Powered-By': 'Express', 'Access-Control-Allow-Origin': '*', 'Content-Type': 'application/json; charset=utf-8', 'Content-Length': '31', 'Etag': 'W/"1f-ImqlboUfbv1n1FbEV48J/4RvhGg"', 'Date': 'Thu, 16 Dec 2021 13:32:23 GMT', 'Via': '1.1 vegur'} 
 body={"message":"Avengers Assemble"} 
 </msg>
<status status="PASS" starttime="20211216 10:32:23.374" endtime="20211216 10:32:23.684"/>
</kw>
<status status="PASS" starttime="20211216 10:32:23.374" endtime="20211216 10:32:23.684"/>
</kw>
<status status="PASS" starttime="20211216 10:32:23.056" endtime="20211216 10:32:23.684"/>
</kw>
<test id="s1-s3-t1" name="Deve buscar um personagem pelo Id">
<kw name="Factory Logan" library="Xmen">
<var>${personagem}</var>
<msg timestamp="20211216 10:32:23.686" level="INFO">${personagem} = {'name': 'Logan', 'aliases': 'Wolverine', 'age': 300, 'team': 'X Men', 'active': True}</msg>
<status status="PASS" starttime="20211216 10:32:23.686" endtime="20211216 10:32:23.686"/>
</kw>
<kw name="POST New Character" library="characters">
<var>${logan}</var>
<arg>${personagem}</arg>
<kw name="POST" library="RequestsLibrary">
<var>${response}</var>
<arg>${BASE_URL}/characters</arg>
<arg>json=${payload}</arg>
<arg>headers=${HEADERS}</arg>
<arg>expected_status=any</arg>
<doc>Sends a POST request.</doc>
<msg timestamp="20211216 10:32:24.013" level="INFO">POST Request : url=http://marvel.qaninja.academy/characters 
 path_url=/characters 
 headers={'User-Agent': 'python-requests/2.26.0', 'Accept-Encoding': 'gzip, deflate', 'Accept': '*/*', 'Connection': 'keep-alive', 'client_key': '61b9c736a2222a00160d2847', 'Content-Length': '86', 'Content-Type': 'application/json'} 
 body=b'{"name": "Logan", "aliases": "Wolverine", "age": 300, "team": "X Men", "active": true}' 
 </msg>
<msg timestamp="20211216 10:32:24.013" level="INFO">POST Response : url=http://marvel.qaninja.academy/characters 
 status=200, reason=OK 
 headers={'Server': 'Cowboy', 'Connection': 'keep-alive', 'X-Powered-By': 'Express', 'Access-Control-Allow-Origin': '*', 'Content-Type': 'application/json; charset=utf-8', 'Content-Length': '145', 'Etag': 'W/"91-hF92FGVtG/DjWZpg4LDO6tl+rRM"', 'Date': 'Thu, 16 Dec 2021 13:32:23 GMT', 'Via': '1.1 vegur'} 
 body={"_id":"61bb3fe725804a00165685c7","name":"Logan","age":300,"aliases":"Wolverine","team":"X Men","active":true,"owner":"61b9c736a2222a00160d2847"} 
 </msg>
<msg timestamp="20211216 10:32:24.013" level="INFO">${response} = &lt;Response [200]&gt;</msg>
<status status="PASS" starttime="20211216 10:32:23.689" endtime="20211216 10:32:24.013"/>
</kw>
<msg timestamp="20211216 10:32:24.014" level="INFO">${logan} = &lt;Response [200]&gt;</msg>
<status status="PASS" starttime="20211216 10:32:23.688" endtime="20211216 10:32:24.014"/>
</kw>
<kw name="Set Variable" library="BuiltIn">
<var>${logan_id}</var>
<arg>${logan.json()}[_id]</arg>
<doc>Returns the given values which can then be assigned to a variables.</doc>
<msg timestamp="20211216 10:32:24.017" level="INFO">${logan_id} = 61bb3fe725804a00165685c7</msg>
<status status="PASS" starttime="20211216 10:32:24.016" endtime="20211216 10:32:24.017"/>
</kw>
<kw name="GET Character By Id" library="characters">
<var>${response}</var>
<arg>${logan_id}</arg>
<kw name="GET" library="RequestsLibrary">
<var>${response}</var>
<arg>${BASE_URL}/characters/${character_id}</arg>
<arg>headers=${HEADERS}</arg>
<arg>expected_status=any</arg>
<doc>Sends a GET request.</doc>
<msg timestamp="20211216 10:32:24.352" level="INFO">GET Request : url=http://marvel.qaninja.academy/characters/61bb3fe725804a00165685c7 
 path_url=/characters/61bb3fe725804a00165685c7 
 headers={'User-Agent': 'python-requests/2.26.0', 'Accept-Encoding': 'gzip, deflate', 'Accept': '*/*', 'Connection': 'keep-alive', 'client_key': '61b9c736a2222a00160d2847'} 
 body=None 
 </msg>
<msg timestamp="20211216 10:32:24.353" level="INFO">GET Response : url=http://marvel.qaninja.academy/characters/61bb3fe725804a00165685c7 
 status=200, reason=OK 
 headers={'Server': 'Cowboy', 'Connection': 'keep-alive', 'X-Powered-By': 'Express', 'Access-Control-Allow-Origin': '*', 'Content-Type': 'application/json; charset=utf-8', 'Content-Length': '145', 'Etag': 'W/"91-hF92FGVtG/DjWZpg4LDO6tl+rRM"', 'Date': 'Thu, 16 Dec 2021 13:32:23 GMT', 'Via': '1.1 vegur'} 
 body={"_id":"61bb3fe725804a00165685c7","name":"Logan","age":300,"aliases":"Wolverine","team":"X Men","active":true,"owner":"61b9c736a2222a00160d2847"} 
 </msg>
<msg timestamp="20211216 10:32:24.353" level="INFO">${response} = &lt;Response [200]&gt;</msg>
<status status="PASS" starttime="20211216 10:32:24.019" endtime="20211216 10:32:24.353"/>
</kw>
<msg timestamp="20211216 10:32:24.353" level="INFO">${response} = &lt;Response [200]&gt;</msg>
<status status="PASS" starttime="20211216 10:32:24.018" endtime="20211216 10:32:24.354"/>
</kw>
<kw name="Status Should Be" library="RequestsLibrary">
<arg>200</arg>
<arg>${response}</arg>
<doc>Fails if response status code is different than the expected.</doc>
<status status="PASS" starttime="20211216 10:32:24.355" endtime="20211216 10:32:24.356"/>
</kw>
<kw name="Should Be Equal" library="BuiltIn">
<arg>${logan.json()}[name]</arg>
<arg>${personagem}[name]</arg>
<doc>Fails if the given objects are unequal.</doc>
<status status="PASS" starttime="20211216 10:32:24.357" endtime="20211216 10:32:24.358"/>
</kw>
<kw name="Should Be Equal" library="BuiltIn">
<arg>${logan.json()}[aliases]</arg>
<arg>${personagem}[aliases]</arg>
<doc>Fails if the given objects are unequal.</doc>
<status status="PASS" starttime="20211216 10:32:24.359" endtime="20211216 10:32:24.360"/>
</kw>
<kw name="Should Be Equal" library="BuiltIn">
<arg>${logan.json()}[age]</arg>
<arg>${personagem}[age]</arg>
<doc>Fails if the given objects are unequal.</doc>
<status status="PASS" starttime="20211216 10:32:24.361" endtime="20211216 10:32:24.361"/>
</kw>
<kw name="Should Be Equal" library="BuiltIn">
<arg>${logan.json()}[team]</arg>
<arg>${personagem}[team]</arg>
<doc>Fails if the given objects are unequal.</doc>
<status status="PASS" starttime="20211216 10:32:24.363" endtime="20211216 10:32:24.363"/>
</kw>
<kw name="Should Be Equal" library="BuiltIn">
<arg>${logan.json()}[active]</arg>
<arg>${personagem}[active]</arg>
<doc>Fails if the given objects are unequal.</doc>
<status status="PASS" starttime="20211216 10:32:24.364" endtime="20211216 10:32:24.365"/>
</kw>
<status status="PASS" starttime="20211216 10:32:23.684" endtime="20211216 10:32:24.365"/>
</test>
<test id="s1-s3-t2" name="Não deve retornar o personagem pelo Id">
<kw name="Set Variable" library="BuiltIn">
<var>${personagem_id}</var>
<arg>61bb2f9125804a0016568470</arg>
<doc>Returns the given values which can then be assigned to a variables.</doc>
<msg timestamp="20211216 10:32:24.368" level="INFO">${personagem_id} = 61bb2f9125804a0016568470</msg>
<status status="PASS" starttime="20211216 10:32:24.368" endtime="20211216 10:32:24.368"/>
</kw>
<kw name="GET Character By Id" library="characters">
<var>${response}</var>
<arg>${personagem_id}</arg>
<kw name="GET" library="RequestsLibrary">
<var>${response}</var>
<arg>${BASE_URL}/characters/${character_id}</arg>
<arg>headers=${HEADERS}</arg>
<arg>expected_status=any</arg>
<doc>Sends a GET request.</doc>
<msg timestamp="20211216 10:32:24.701" level="INFO">GET Request : url=http://marvel.qaninja.academy/characters/61bb2f9125804a0016568470 
 path_url=/characters/61bb2f9125804a0016568470 
 headers={'User-Agent': 'python-requests/2.26.0', 'Accept-Encoding': 'gzip, deflate', 'Accept': '*/*', 'Connection': 'keep-alive', 'client_key': '61b9c736a2222a00160d2847'} 
 body=None 
 </msg>
<msg timestamp="20211216 10:32:24.701" level="INFO">GET Response : url=http://marvel.qaninja.academy/characters/61bb2f9125804a0016568470 
 status=404, reason=Not Found 
 headers={'Server': 'Cowboy', 'Connection': 'keep-alive', 'X-Powered-By': 'Express', 'Access-Control-Allow-Origin': '*', 'Date': 'Thu, 16 Dec 2021 13:32:24 GMT', 'Content-Length': '0', 'Via': '1.1 vegur'} 
 body=None 
 </msg>
<msg timestamp="20211216 10:32:24.701" level="INFO">${response} = &lt;Response [404]&gt;</msg>
<status status="PASS" starttime="20211216 10:32:24.369" endtime="20211216 10:32:24.701"/>
</kw>
<msg timestamp="20211216 10:32:24.702" level="INFO">${response} = &lt;Response [404]&gt;</msg>
<status status="PASS" starttime="20211216 10:32:24.369" endtime="20211216 10:32:24.702"/>
</kw>
<kw name="Status Should Be" library="RequestsLibrary">
<arg>404</arg>
<arg>${response}</arg>
<doc>Fails if response status code is different than the expected.</doc>
<status status="PASS" starttime="20211216 10:32:24.704" endtime="20211216 10:32:24.704"/>
</kw>
<status status="PASS" starttime="20211216 10:32:24.367" endtime="20211216 10:32:24.705"/>
</test>
<doc>Suite de Teste de Busca de personagens na API da Marvel</doc>
<status status="PASS" starttime="20211216 10:32:23.051" endtime="20211216 10:32:24.709"/>
</suite>
<status status="PASS" starttime="20211216 10:32:19.292" endtime="20211216 10:32:24.714"/>
</suite>
<statistics>
<total>
<stat pass="6" fail="0" skip="0">All Tests</stat>
</total>
<tag>
<stat pass="1" fail="0" skip="0">dup</stat>
</tag>
<suite>
<stat pass="6" fail="0" skip="0" id="s1" name="Specs">Specs</stat>
<stat pass="2" fail="0" skip="0" id="s1-s1" name="CreateCharacters">Specs.CreateCharacters</stat>
<stat pass="2" fail="0" skip="0" id="s1-s2" name="RemoveCharacters">Specs.RemoveCharacters</stat>
<stat pass="2" fail="0" skip="0" id="s1-s3" name="SearchCharacters">Specs.SearchCharacters</stat>
</suite>
</statistics>
<errors>
</errors>
</robot>
